This is pdfTeX, Version 3.14159265-2.6-1.40.15 (TeX Live 2014/Debian) (preloaded format=pdflatex 2015.4.9)  16 JUN 2015 12:28
entering extended mode
 restricted \write18 enabled.
 %&-line parsing enabled.
**03_Populazio_algoritmoak.tex
(./03_Populazio_algoritmoak.tex
LaTeX2e <2014/05/01>
Babel <3.9k> and hyphenation patterns for 40 languages loaded.
(./ifirak.cls
Document Class: ifirak 2012/05/18 v0.1
(/usr/share/texlive/texmf-dist/tex/latex/base/article.cls
Document Class: article 2007/10/19 v1.4h Standard LaTeX document class
(/usr/share/texlive/texmf-dist/tex/latex/base/size10.clo
File: size10.clo 2007/10/19 v1.4h Standard LaTeX file (size option)
)
\c@part=\count79
\c@section=\count80
\c@subsection=\count81
\c@subsubsection=\count82
\c@paragraph=\count83
\c@subparagraph=\count84
\c@figure=\count85
\c@table=\count86
\abovecaptionskip=\skip41
\belowcaptionskip=\skip42
\bibindent=\dimen102
)
(/usr/share/texlive/texmf-dist/tex/latex/graphics/graphicx.sty
Package: graphicx 2014/04/25 v1.0g Enhanced LaTeX Graphics (DPC,SPQR)

(/usr/share/texlive/texmf-dist/tex/latex/graphics/keyval.sty
Package: keyval 2014/05/08 v1.15 key=value parser (DPC)
\KV@toks@=\toks14
)
(/usr/share/texlive/texmf-dist/tex/latex/graphics/graphics.sty
Package: graphics 2009/02/05 v1.0o Standard LaTeX Graphics (DPC,SPQR)

(/usr/share/texlive/texmf-dist/tex/latex/graphics/trig.sty
Package: trig 1999/03/16 v1.09 sin cos tan (DPC)
)
(/usr/share/texlive/texmf-dist/tex/latex/latexconfig/graphics.cfg
File: graphics.cfg 2010/04/23 v1.9 graphics configuration of TeX Live
)
Package graphics Info: Driver file: pdftex.def on input line 91.

(/usr/share/texlive/texmf-dist/tex/latex/pdftex-def/pdftex.def
File: pdftex.def 2011/05/27 v0.06d Graphics/color for pdfTeX

(/usr/share/texlive/texmf-dist/tex/generic/oberdiek/infwarerr.sty
Package: infwarerr 2010/04/08 v1.3 Providing info/warning/error messages (HO)
)
(/usr/share/texlive/texmf-dist/tex/generic/oberdiek/ltxcmds.sty
Package: ltxcmds 2011/11/09 v1.22 LaTeX kernel commands for general use (HO)
)
\Gread@gobject=\count87
))
\Gin@req@height=\dimen103
\Gin@req@width=\dimen104
)
(/usr/share/texlive/texmf-dist/tex/latex/graphics/color.sty
Package: color 2014/04/23 v1.1a Standard LaTeX Color (DPC)

(/usr/share/texlive/texmf-dist/tex/latex/latexconfig/color.cfg
File: color.cfg 2007/01/18 v1.5 color configuration of teTeX/TeXLive
)
Package color Info: Driver file: pdftex.def on input line 137.
)
\footheight=\dimen105
\footsep=\dimen106
)
(/usr/share/texlive/texmf-dist/tex/latex/framed/framed.sty
Package: framed 2011/10/22 v 0.96: framed or shaded text with page breaks
\OuterFrameSep=\skip43
\fb@frw=\dimen107
\fb@frh=\dimen108
\FrameRule=\dimen109
\FrameSep=\dimen110
)
(/usr/share/texlive/texmf-dist/tex/latex/base/alltt.sty
Package: alltt 1997/06/16 v2.0g defines alltt environment
)
(/usr/share/texlive/texmf-dist/tex/latex/amsmath/amsmath.sty
Package: amsmath 2013/01/14 v2.14 AMS math features
\@mathmargin=\skip44

For additional information on amsmath, use the `?' option.
(/usr/share/texlive/texmf-dist/tex/latex/amsmath/amstext.sty
Package: amstext 2000/06/29 v2.01

(/usr/share/texlive/texmf-dist/tex/latex/amsmath/amsgen.sty
File: amsgen.sty 1999/11/30 v2.0
\@emptytoks=\toks15
\ex@=\dimen111
))
(/usr/share/texlive/texmf-dist/tex/latex/amsmath/amsbsy.sty
Package: amsbsy 1999/11/29 v1.2d
\pmbraise@=\dimen112
)
(/usr/share/texlive/texmf-dist/tex/latex/amsmath/amsopn.sty
Package: amsopn 1999/12/14 v2.01 operator names
)
\inf@bad=\count88
LaTeX Info: Redefining \frac on input line 210.
\uproot@=\count89
\leftroot@=\count90
LaTeX Info: Redefining \overline on input line 306.
\classnum@=\count91
\DOTSCASE@=\count92
LaTeX Info: Redefining \ldots on input line 378.
LaTeX Info: Redefining \dots on input line 381.
LaTeX Info: Redefining \cdots on input line 466.
\Mathstrutbox@=\box26
\strutbox@=\box27
\big@size=\dimen113
LaTeX Font Info:    Redeclaring font encoding OML on input line 566.
LaTeX Font Info:    Redeclaring font encoding OMS on input line 567.
\macc@depth=\count93
\c@MaxMatrixCols=\count94
\dotsspace@=\muskip10
\c@parentequation=\count95
\dspbrk@lvl=\count96
\tag@help=\toks16
\row@=\count97
\column@=\count98
\maxfields@=\count99
\andhelp@=\toks17
\eqnshift@=\dimen114
\alignsep@=\dimen115
\tagshift@=\dimen116
\tagwidth@=\dimen117
\totwidth@=\dimen118
\lineht@=\dimen119
\@envbody=\toks18
\multlinegap=\skip45
\multlinetaggap=\skip46
\mathdisplay@stack=\toks19
LaTeX Info: Redefining \[ on input line 2665.
LaTeX Info: Redefining \] on input line 2666.
)
(/usr/share/texlive/texmf-dist/tex/latex/base/latexsym.sty
Package: latexsym 1998/08/17 v2.2e Standard LaTeX package (lasy symbols)
\symlasy=\mathgroup4
LaTeX Font Info:    Overwriting symbol font `lasy' in version `bold'
(Font)                  U/lasy/m/n --> U/lasy/b/n on input line 47.
)
(/usr/share/texlive/texmf-dist/tex/latex/amsfonts/amssymb.sty
Package: amssymb 2013/01/14 v3.01 AMS font symbols

(/usr/share/texlive/texmf-dist/tex/latex/amsfonts/amsfonts.sty
Package: amsfonts 2013/01/14 v3.01 Basic AMSFonts support
\symAMSa=\mathgroup5
\symAMSb=\mathgroup6
LaTeX Font Info:    Overwriting math alphabet `\mathfrak' in version `bold'
(Font)                  U/euf/m/n --> U/euf/b/n on input line 106.
))
(/usr/share/texlive/texmf-dist/tex/latex/natbib/natbib.sty
Package: natbib 2010/09/13 8.31b (PWD, AO)
\bibhang=\skip47
\bibsep=\skip48
LaTeX Info: Redefining \cite on input line 694.
\c@NAT@ctr=\count100
)
(/usr/share/texlive/texmf-dist/tex/latex/listings/listings.sty
\lst@mode=\count101
\lst@gtempboxa=\box28
\lst@token=\toks20
\lst@length=\count102
\lst@currlwidth=\dimen120
\lst@column=\count103
\lst@pos=\count104
\lst@lostspace=\dimen121
\lst@width=\dimen122
\lst@newlines=\count105
\lst@lineno=\count106
\lst@maxwidth=\dimen123

(/usr/share/texlive/texmf-dist/tex/latex/listings/lstmisc.sty
File: lstmisc.sty 2014/03/04 1.5c (Carsten Heinz)
\c@lstnumber=\count107
\lst@skipnumbers=\count108
\lst@framebox=\box29
)
(/usr/share/texlive/texmf-dist/tex/latex/listings/listings.cfg
File: listings.cfg 2014/03/04 1.5c listings configuration
))
Package: listings 2014/03/04 1.5c (Carsten Heinz)

(./ifcommands.sty
Package: ifcommands 2012/05/21 v0.1
 (/usr/share/texlive/texmf-dist/tex/latex/float/float.sty
Package: float 2001/11/08 v1.3d Float enhancements (AL)
\c@float@type=\count109
\float@exts=\toks21
\float@box=\box30
\@float@everytoks=\toks22
\@floatcapt=\box31
)
\c@ifaxiom=\count110
\c@iftheorem=\count111
\c@iflemma=\count112
\c@ifproposition=\count113
\c@ifcorollary=\count114
\c@ifdefinition=\count115
\c@ifexample=\count116
\c@ifremark=\count117
\c@ifproblem=\count118
\c@ifsolution=\count119
\@float@every@ifalgorithm=\toks23
\c@ifalgorithm=\count120
\TTL=\skip49
\TMPL=\skip50
\c@AlgoStepCnt=\count121
)
(/usr/share/texlive/texmf-dist/tex/latex/subfigure/subfigure.sty
Package: subfigure 2002/03/15 v2.1.5 subfigure package
\subfigtopskip=\skip51
\subfigcapskip=\skip52
\subfigcaptopadj=\dimen124
\subfigbottomskip=\skip53
\subfigcapmargin=\dimen125
\subfiglabelskip=\skip54
\c@subfigure=\count122
\c@lofdepth=\count123
\c@subtable=\count124
\c@lotdepth=\count125

****************************************
* Local config file subfigure.cfg used *
****************************************
(/usr/share/texlive/texmf-dist/tex/latex/subfigure/subfigure.cfg)
\subfig@top=\skip55
\subfig@bottom=\skip56
)
(/usr/share/texlive/texmf-dist/tex/latex/base/fontenc.sty
Package: fontenc 2005/09/27 v1.99g Standard LaTeX package

(/usr/share/texlive/texmf-dist/tex/latex/base/t1enc.def
File: t1enc.def 2005/09/27 v1.99g Standard LaTeX file
LaTeX Font Info:    Redeclaring font encoding T1 on input line 43.
))
(/usr/share/texlive/texmf-dist/tex/latex/tcolorbox/tcolorbox.sty
Package: tcolorbox 2014/05/28 version 3.05 text color boxes

(/usr/share/texlive/texmf-dist/tex/latex/pgf/basiclayer/pgf.sty
(/usr/share/texlive/texmf-dist/tex/latex/pgf/utilities/pgfrcs.sty
(/usr/share/texlive/texmf-dist/tex/generic/pgf/utilities/pgfutil-common.tex
\pgfutil@everybye=\toks24
\pgfutil@tempdima=\dimen126
\pgfutil@tempdimb=\dimen127

(/usr/share/texlive/texmf-dist/tex/generic/pgf/utilities/pgfutil-common-lists.t
ex)) (/usr/share/texlive/texmf-dist/tex/generic/pgf/utilities/pgfutil-latex.def
\pgfutil@abb=\box32
(/usr/share/texlive/texmf-dist/tex/latex/ms/everyshi.sty
Package: everyshi 2001/05/15 v3.00 EveryShipout Package (MS)
))
(/usr/share/texlive/texmf-dist/tex/generic/pgf/utilities/pgfrcs.code.tex
Package: pgfrcs 2013/12/20 v3.0.0 (rcs-revision 1.28)
))
Package: pgf 2013/12/18 v3.0.0 (rcs-revision 1.14)

(/usr/share/texlive/texmf-dist/tex/latex/pgf/basiclayer/pgfcore.sty
(/usr/share/texlive/texmf-dist/tex/latex/pgf/systemlayer/pgfsys.sty
(/usr/share/texlive/texmf-dist/tex/generic/pgf/systemlayer/pgfsys.code.tex
Package: pgfsys 2013/11/30 v3.0.0 (rcs-revision 1.47)

(/usr/share/texlive/texmf-dist/tex/generic/pgf/utilities/pgfkeys.code.tex
\pgfkeys@pathtoks=\toks25
\pgfkeys@temptoks=\toks26

(/usr/share/texlive/texmf-dist/tex/generic/pgf/utilities/pgfkeysfiltered.code.t
ex
\pgfkeys@tmptoks=\toks27
))
\pgf@x=\dimen128
\pgf@y=\dimen129
\pgf@xa=\dimen130
\pgf@ya=\dimen131
\pgf@xb=\dimen132
\pgf@yb=\dimen133
\pgf@xc=\dimen134
\pgf@yc=\dimen135
\w@pgf@writea=\write3
\r@pgf@reada=\read1
\c@pgf@counta=\count126
\c@pgf@countb=\count127
\c@pgf@countc=\count128
\c@pgf@countd=\count129
\t@pgf@toka=\toks28
\t@pgf@tokb=\toks29
\t@pgf@tokc=\toks30
 (/usr/share/texlive/texmf-dist/tex/generic/pgf/systemlayer/pgf.cfg
File: pgf.cfg 2008/05/14  (rcs-revision 1.7)
)
Driver file for pgf: pgfsys-pdftex.def

(/usr/share/texlive/texmf-dist/tex/generic/pgf/systemlayer/pgfsys-pdftex.def
File: pgfsys-pdftex.def 2013/07/18  (rcs-revision 1.33)

(/usr/share/texlive/texmf-dist/tex/generic/pgf/systemlayer/pgfsys-common-pdf.de
f
File: pgfsys-common-pdf.def 2013/10/10  (rcs-revision 1.13)
)))
(/usr/share/texlive/texmf-dist/tex/generic/pgf/systemlayer/pgfsyssoftpath.code.
tex
File: pgfsyssoftpath.code.tex 2013/09/09  (rcs-revision 1.9)
\pgfsyssoftpath@smallbuffer@items=\count130
\pgfsyssoftpath@bigbuffer@items=\count131
)
(/usr/share/texlive/texmf-dist/tex/generic/pgf/systemlayer/pgfsysprotocol.code.
tex
File: pgfsysprotocol.code.tex 2006/10/16  (rcs-revision 1.4)
)) (/usr/share/texlive/texmf-dist/tex/latex/xcolor/xcolor.sty
Package: xcolor 2007/01/21 v2.11 LaTeX color extensions (UK)

(/usr/share/texlive/texmf-dist/tex/latex/latexconfig/color.cfg
File: color.cfg 2007/01/18 v1.5 color configuration of teTeX/TeXLive
)
Package xcolor Info: Driver file: pdftex.def on input line 225.
LaTeX Info: Redefining \color on input line 702.
Package xcolor Info: Model `cmy' substituted by `cmy0' on input line 1337.
Package xcolor Info: Model `hsb' substituted by `rgb' on input line 1341.
Package xcolor Info: Model `RGB' extended on input line 1353.
Package xcolor Info: Model `HTML' substituted by `rgb' on input line 1355.
Package xcolor Info: Model `Hsb' substituted by `hsb' on input line 1356.
Package xcolor Info: Model `tHsb' substituted by `hsb' on input line 1357.
Package xcolor Info: Model `HSB' substituted by `hsb' on input line 1358.
Package xcolor Info: Model `Gray' substituted by `gray' on input line 1359.
Package xcolor Info: Model `wave' substituted by `hsb' on input line 1360.
)
(/usr/share/texlive/texmf-dist/tex/generic/pgf/basiclayer/pgfcore.code.tex
Package: pgfcore 2010/04/11 v3.0.0 (rcs-revision 1.7)

(/usr/share/texlive/texmf-dist/tex/generic/pgf/math/pgfmath.code.tex
(/usr/share/texlive/texmf-dist/tex/generic/pgf/math/pgfmathcalc.code.tex
(/usr/share/texlive/texmf-dist/tex/generic/pgf/math/pgfmathutil.code.tex)
(/usr/share/texlive/texmf-dist/tex/generic/pgf/math/pgfmathparser.code.tex
\pgfmath@dimen=\dimen136
\pgfmath@count=\count132
\pgfmath@box=\box33
\pgfmath@toks=\toks31
\pgfmath@stack@operand=\toks32
\pgfmath@stack@operation=\toks33
)
(/usr/share/texlive/texmf-dist/tex/generic/pgf/math/pgfmathfunctions.code.tex
(/usr/share/texlive/texmf-dist/tex/generic/pgf/math/pgfmathfunctions.basic.code
.tex)
(/usr/share/texlive/texmf-dist/tex/generic/pgf/math/pgfmathfunctions.trigonomet
ric.code.tex)
(/usr/share/texlive/texmf-dist/tex/generic/pgf/math/pgfmathfunctions.random.cod
e.tex)
(/usr/share/texlive/texmf-dist/tex/generic/pgf/math/pgfmathfunctions.comparison
.code.tex)
(/usr/share/texlive/texmf-dist/tex/generic/pgf/math/pgfmathfunctions.base.code.
tex)
(/usr/share/texlive/texmf-dist/tex/generic/pgf/math/pgfmathfunctions.round.code
.tex)
(/usr/share/texlive/texmf-dist/tex/generic/pgf/math/pgfmathfunctions.misc.code.
tex)
(/usr/share/texlive/texmf-dist/tex/generic/pgf/math/pgfmathfunctions.integerari
thmetics.code.tex)))
(/usr/share/texlive/texmf-dist/tex/generic/pgf/math/pgfmathfloat.code.tex
\c@pgfmathroundto@lastzeros=\count133
))
(/usr/share/texlive/texmf-dist/tex/generic/pgf/basiclayer/pgfcorepoints.code.te
x
File: pgfcorepoints.code.tex 2013/10/07  (rcs-revision 1.27)
\pgf@picminx=\dimen137
\pgf@picmaxx=\dimen138
\pgf@picminy=\dimen139
\pgf@picmaxy=\dimen140
\pgf@pathminx=\dimen141
\pgf@pathmaxx=\dimen142
\pgf@pathminy=\dimen143
\pgf@pathmaxy=\dimen144
\pgf@xx=\dimen145
\pgf@xy=\dimen146
\pgf@yx=\dimen147
\pgf@yy=\dimen148
\pgf@zx=\dimen149
\pgf@zy=\dimen150
)
(/usr/share/texlive/texmf-dist/tex/generic/pgf/basiclayer/pgfcorepathconstruct.
code.tex
File: pgfcorepathconstruct.code.tex 2013/10/07  (rcs-revision 1.29)
\pgf@path@lastx=\dimen151
\pgf@path@lasty=\dimen152
)
(/usr/share/texlive/texmf-dist/tex/generic/pgf/basiclayer/pgfcorepathusage.code
.tex
File: pgfcorepathusage.code.tex 2013/12/13  (rcs-revision 1.23)
\pgf@shorten@end@additional=\dimen153
\pgf@shorten@start@additional=\dimen154
)
(/usr/share/texlive/texmf-dist/tex/generic/pgf/basiclayer/pgfcorescopes.code.te
x
File: pgfcorescopes.code.tex 2013/10/09  (rcs-revision 1.44)
\pgfpic=\box34
\pgf@hbox=\box35
\pgf@layerbox@main=\box36
\pgf@picture@serial@count=\count134
)
(/usr/share/texlive/texmf-dist/tex/generic/pgf/basiclayer/pgfcoregraphicstate.c
ode.tex
File: pgfcoregraphicstate.code.tex 2013/09/19  (rcs-revision 1.11)
\pgflinewidth=\dimen155
)
(/usr/share/texlive/texmf-dist/tex/generic/pgf/basiclayer/pgfcoretransformation
s.code.tex
File: pgfcoretransformations.code.tex 2013/10/10  (rcs-revision 1.17)
\pgf@pt@x=\dimen156
\pgf@pt@y=\dimen157
\pgf@pt@temp=\dimen158
)
(/usr/share/texlive/texmf-dist/tex/generic/pgf/basiclayer/pgfcorequick.code.tex
File: pgfcorequick.code.tex 2008/10/09  (rcs-revision 1.3)
)
(/usr/share/texlive/texmf-dist/tex/generic/pgf/basiclayer/pgfcoreobjects.code.t
ex
File: pgfcoreobjects.code.tex 2006/10/11  (rcs-revision 1.2)
)
(/usr/share/texlive/texmf-dist/tex/generic/pgf/basiclayer/pgfcorepathprocessing
.code.tex
File: pgfcorepathprocessing.code.tex 2013/09/09  (rcs-revision 1.9)
)
(/usr/share/texlive/texmf-dist/tex/generic/pgf/basiclayer/pgfcorearrows.code.te
x
File: pgfcorearrows.code.tex 2013/11/07  (rcs-revision 1.40)
\pgfarrowsep=\dimen159
)
(/usr/share/texlive/texmf-dist/tex/generic/pgf/basiclayer/pgfcoreshade.code.tex
File: pgfcoreshade.code.tex 2013/07/15  (rcs-revision 1.15)
\pgf@max=\dimen160
\pgf@sys@shading@range@num=\count135
)
(/usr/share/texlive/texmf-dist/tex/generic/pgf/basiclayer/pgfcoreimage.code.tex
File: pgfcoreimage.code.tex 2013/07/15  (rcs-revision 1.18)

(/usr/share/texlive/texmf-dist/tex/generic/pgf/basiclayer/pgfcoreexternal.code.
tex
File: pgfcoreexternal.code.tex 2013/07/15  (rcs-revision 1.20)
\pgfexternal@startupbox=\box37
))
(/usr/share/texlive/texmf-dist/tex/generic/pgf/basiclayer/pgfcorelayers.code.te
x
File: pgfcorelayers.code.tex 2013/07/18  (rcs-revision 1.7)
)
(/usr/share/texlive/texmf-dist/tex/generic/pgf/basiclayer/pgfcoretransparency.c
ode.tex
File: pgfcoretransparency.code.tex 2013/09/30  (rcs-revision 1.5)
)
(/usr/share/texlive/texmf-dist/tex/generic/pgf/basiclayer/pgfcorepatterns.code.
tex
File: pgfcorepatterns.code.tex 2013/11/07  (rcs-revision 1.5)
)))
(/usr/share/texlive/texmf-dist/tex/generic/pgf/modules/pgfmoduleshapes.code.tex
File: pgfmoduleshapes.code.tex 2013/10/31  (rcs-revision 1.34)
\pgfnodeparttextbox=\box38
) (/usr/share/texlive/texmf-dist/tex/generic/pgf/modules/pgfmoduleplot.code.tex
File: pgfmoduleplot.code.tex 2013/07/31  (rcs-revision 1.12)
)
(/usr/share/texlive/texmf-dist/tex/latex/pgf/compatibility/pgfcomp-version-0-65
.sty
Package: pgfcomp-version-0-65 2007/07/03 v3.0.0 (rcs-revision 1.7)
\pgf@nodesepstart=\dimen161
\pgf@nodesepend=\dimen162
)
(/usr/share/texlive/texmf-dist/tex/latex/pgf/compatibility/pgfcomp-version-1-18
.sty
Package: pgfcomp-version-1-18 2007/07/23 v3.0.0 (rcs-revision 1.1)
)) (/usr/share/texlive/texmf-dist/tex/latex/tools/verbatim.sty
Package: verbatim 2003/08/22 v1.5q LaTeX2e package for verbatim enhancements
\every@verbatim=\toks34
\verbatim@line=\toks35
\verbatim@in@stream=\read2
)
(/usr/share/texlive/texmf-dist/tex/latex/environ/environ.sty
Package: environ 2014/05/04 v0.3 A new way to define environments

(/usr/share/texlive/texmf-dist/tex/latex/trimspaces/trimspaces.sty
Package: trimspaces 2009/09/17 v1.1 Trim spaces around a token list
))
(/usr/share/texlive/texmf-dist/tex/latex/etoolbox/etoolbox.sty
Package: etoolbox 2011/01/03 v2.1 e-TeX tools for LaTeX

(/usr/share/texlive/texmf-dist/tex/latex/etex-pkg/etex.sty
Package: etex 1998/03/26 v2.0 eTeX basic definition package (PEB)
\et@xins=\count136
)
\etb@tempcnta=\count137
)
\tcb@titlebox=\box39
\tcb@upperbox=\box40
\tcb@lowerbox=\box41
\tcb@phantombox=\box42
\c@tcbbreakpart=\count138
\c@tcblayer=\count139
\tcb@temp=\box43
\tcb@temp=\box44
\tcb@temp=\box45
\tcb@temp=\box46
\tcb@out=\write4
)
(/usr/share/texlive/texmf-dist/tex/latex/upquote/upquote.sty
Package: upquote 2012/04/19 v1.3 upright-quote and grave-accent glyphs in verba
tim

(/usr/share/texlive/texmf-dist/tex/latex/base/textcomp.sty
Package: textcomp 2005/09/27 v1.99g Standard LaTeX package
Package textcomp Info: Sub-encoding information:
(textcomp)               5 = only ISO-Adobe without \textcurrency
(textcomp)               4 = 5 + \texteuro
(textcomp)               3 = 4 + \textohm
(textcomp)               2 = 3 + \textestimated + \textcurrency
(textcomp)               1 = TS1 - \textcircled - \t
(textcomp)               0 = TS1 (full)
(textcomp)             Font families with sub-encoding setting implement
(textcomp)             only a restricted character set as indicated.
(textcomp)             Family '?' is the default used for unknown fonts.
(textcomp)             See the documentation for details.
Package textcomp Info: Setting ? sub-encoding to TS1/1 on input line 71.

(/usr/share/texlive/texmf-dist/tex/latex/base/ts1enc.def
File: ts1enc.def 2001/06/05 v3.0e (jk/car/fm) Standard LaTeX file
)
LaTeX Info: Redefining \oldstylenums on input line 266.
Package textcomp Info: Setting cmr sub-encoding to TS1/0 on input line 281.
Package textcomp Info: Setting cmss sub-encoding to TS1/0 on input line 282.
Package textcomp Info: Setting cmtt sub-encoding to TS1/0 on input line 283.
Package textcomp Info: Setting cmvtt sub-encoding to TS1/0 on input line 284.
Package textcomp Info: Setting cmbr sub-encoding to TS1/0 on input line 285.
Package textcomp Info: Setting cmtl sub-encoding to TS1/0 on input line 286.
Package textcomp Info: Setting ccr sub-encoding to TS1/0 on input line 287.
Package textcomp Info: Setting ptm sub-encoding to TS1/4 on input line 288.
Package textcomp Info: Setting pcr sub-encoding to TS1/4 on input line 289.
Package textcomp Info: Setting phv sub-encoding to TS1/4 on input line 290.
Package textcomp Info: Setting ppl sub-encoding to TS1/3 on input line 291.
Package textcomp Info: Setting pag sub-encoding to TS1/4 on input line 292.
Package textcomp Info: Setting pbk sub-encoding to TS1/4 on input line 293.
Package textcomp Info: Setting pnc sub-encoding to TS1/4 on input line 294.
Package textcomp Info: Setting pzc sub-encoding to TS1/4 on input line 295.
Package textcomp Info: Setting bch sub-encoding to TS1/4 on input line 296.
Package textcomp Info: Setting put sub-encoding to TS1/5 on input line 297.
Package textcomp Info: Setting uag sub-encoding to TS1/5 on input line 298.
Package textcomp Info: Setting ugq sub-encoding to TS1/5 on input line 299.
Package textcomp Info: Setting ul8 sub-encoding to TS1/4 on input line 300.
Package textcomp Info: Setting ul9 sub-encoding to TS1/4 on input line 301.
Package textcomp Info: Setting augie sub-encoding to TS1/5 on input line 302.
Package textcomp Info: Setting dayrom sub-encoding to TS1/3 on input line 303.
Package textcomp Info: Setting dayroms sub-encoding to TS1/3 on input line 304.

Package textcomp Info: Setting pxr sub-encoding to TS1/0 on input line 305.
Package textcomp Info: Setting pxss sub-encoding to TS1/0 on input line 306.
Package textcomp Info: Setting pxtt sub-encoding to TS1/0 on input line 307.
Package textcomp Info: Setting txr sub-encoding to TS1/0 on input line 308.
Package textcomp Info: Setting txss sub-encoding to TS1/0 on input line 309.
Package textcomp Info: Setting txtt sub-encoding to TS1/0 on input line 310.
Package textcomp Info: Setting lmr sub-encoding to TS1/0 on input line 311.
Package textcomp Info: Setting lmdh sub-encoding to TS1/0 on input line 312.
Package textcomp Info: Setting lmss sub-encoding to TS1/0 on input line 313.
Package textcomp Info: Setting lmssq sub-encoding to TS1/0 on input line 314.
Package textcomp Info: Setting lmvtt sub-encoding to TS1/0 on input line 315.
Package textcomp Info: Setting qhv sub-encoding to TS1/0 on input line 316.
Package textcomp Info: Setting qag sub-encoding to TS1/0 on input line 317.
Package textcomp Info: Setting qbk sub-encoding to TS1/0 on input line 318.
Package textcomp Info: Setting qcr sub-encoding to TS1/0 on input line 319.
Package textcomp Info: Setting qcs sub-encoding to TS1/0 on input line 320.
Package textcomp Info: Setting qpl sub-encoding to TS1/0 on input line 321.
Package textcomp Info: Setting qtm sub-encoding to TS1/0 on input line 322.
Package textcomp Info: Setting qzc sub-encoding to TS1/0 on input line 323.
Package textcomp Info: Setting qhvc sub-encoding to TS1/0 on input line 324.
Package textcomp Info: Setting futs sub-encoding to TS1/4 on input line 325.
Package textcomp Info: Setting futx sub-encoding to TS1/4 on input line 326.
Package textcomp Info: Setting futj sub-encoding to TS1/4 on input line 327.
Package textcomp Info: Setting hlh sub-encoding to TS1/3 on input line 328.
Package textcomp Info: Setting hls sub-encoding to TS1/3 on input line 329.
Package textcomp Info: Setting hlst sub-encoding to TS1/3 on input line 330.
Package textcomp Info: Setting hlct sub-encoding to TS1/5 on input line 331.
Package textcomp Info: Setting hlx sub-encoding to TS1/5 on input line 332.
Package textcomp Info: Setting hlce sub-encoding to TS1/5 on input line 333.
Package textcomp Info: Setting hlcn sub-encoding to TS1/5 on input line 334.
Package textcomp Info: Setting hlcw sub-encoding to TS1/5 on input line 335.
Package textcomp Info: Setting hlcf sub-encoding to TS1/5 on input line 336.
Package textcomp Info: Setting pplx sub-encoding to TS1/3 on input line 337.
Package textcomp Info: Setting pplj sub-encoding to TS1/3 on input line 338.
Package textcomp Info: Setting ptmx sub-encoding to TS1/4 on input line 339.
Package textcomp Info: Setting ptmj sub-encoding to TS1/4 on input line 340.
))
(./03_Populazio_algoritmoak.aux)
\openout1 = `03_Populazio_algoritmoak.aux'.

LaTeX Font Info:    Checking defaults for OML/cmm/m/it on input line 65.
LaTeX Font Info:    ... okay on input line 65.
LaTeX Font Info:    Checking defaults for T1/cmr/m/n on input line 65.
LaTeX Font Info:    ... okay on input line 65.
LaTeX Font Info:    Checking defaults for OT1/cmr/m/n on input line 65.
LaTeX Font Info:    ... okay on input line 65.
LaTeX Font Info:    Checking defaults for OMS/cmsy/m/n on input line 65.
LaTeX Font Info:    ... okay on input line 65.
LaTeX Font Info:    Checking defaults for OMX/cmex/m/n on input line 65.
LaTeX Font Info:    ... okay on input line 65.
LaTeX Font Info:    Checking defaults for U/cmr/m/n on input line 65.
LaTeX Font Info:    ... okay on input line 65.
LaTeX Font Info:    Checking defaults for TS1/cmr/m/n on input line 65.
LaTeX Font Info:    Try loading font information for TS1+cmr on input line 65.

(/usr/share/texlive/texmf-dist/tex/latex/base/ts1cmr.fd
File: ts1cmr.fd 1999/05/25 v2.5h Standard LaTeX font definitions
)
LaTeX Font Info:    ... okay on input line 65.

(/usr/share/texlive/texmf-dist/tex/context/base/supp-pdf.mkii
[Loading MPS to PDF converter (version 2006.09.02).]
\scratchcounter=\count140
\scratchdimen=\dimen163
\scratchbox=\box47
\nofMPsegments=\count141
\nofMParguments=\count142
\everyMPshowfont=\toks36
\MPscratchCnt=\count143
\MPscratchDim=\dimen164
\MPnumerator=\count144
\makeMPintoPDFobject=\count145
\everyMPtoPDFconversion=\toks37
) (/usr/share/texlive/texmf-dist/tex/generic/oberdiek/pdftexcmds.sty
Package: pdftexcmds 2011/11/29 v0.20 Utility functions of pdfTeX for LuaTeX (HO
)

(/usr/share/texlive/texmf-dist/tex/generic/oberdiek/ifluatex.sty
Package: ifluatex 2010/03/01 v1.3 Provides the ifluatex switch (HO)
Package ifluatex Info: LuaTeX not detected.
)
(/usr/share/texlive/texmf-dist/tex/generic/oberdiek/ifpdf.sty
Package: ifpdf 2011/01/30 v2.3 Provides the ifpdf switch (HO)
Package ifpdf Info: pdfTeX in PDF mode is detected.
)
Package pdftexcmds Info: LuaTeX not detected.
Package pdftexcmds Info: \pdf@primitive is available.
Package pdftexcmds Info: \pdf@ifprimitive is available.
Package pdftexcmds Info: \pdfdraftmode found.
)
(/usr/share/texlive/texmf-dist/tex/latex/oberdiek/epstopdf-base.sty
Package: epstopdf-base 2010/02/09 v2.5 Base part for package epstopdf

(/usr/share/texlive/texmf-dist/tex/latex/oberdiek/grfext.sty
Package: grfext 2010/08/19 v1.1 Manage graphics extensions (HO)

(/usr/share/texlive/texmf-dist/tex/generic/oberdiek/kvdefinekeys.sty
Package: kvdefinekeys 2011/04/07 v1.3 Define keys (HO)
))
(/usr/share/texlive/texmf-dist/tex/latex/oberdiek/kvoptions.sty
Package: kvoptions 2011/06/30 v3.11 Key value format for package options (HO)

(/usr/share/texlive/texmf-dist/tex/generic/oberdiek/kvsetkeys.sty
Package: kvsetkeys 2012/04/25 v1.16 Key value parser (HO)

(/usr/share/texlive/texmf-dist/tex/generic/oberdiek/etexcmds.sty
Package: etexcmds 2011/02/16 v1.5 Avoid name clashes with e-TeX commands (HO)
Package etexcmds Info: Could not find \expanded.
(etexcmds)             That can mean that you are not using pdfTeX 1.50 or
(etexcmds)             that some package has redefined \expanded.
(etexcmds)             In the latter case, load this package earlier.
)))
Package grfext Info: Graphics extension search list:
(grfext)             [.png,.pdf,.jpg,.mps,.jpeg,.jbig2,.jb2,.PNG,.PDF,.JPG,.JPE
G,.JBIG2,.JB2,.eps]
(grfext)             \AppendGraphicsExtensions on input line 452.

(/usr/share/texlive/texmf-dist/tex/latex/latexconfig/epstopdf-sys.cfg
File: epstopdf-sys.cfg 2010/07/13 v1.3 Configuration of (r)epstopdf for TeX Liv
e
))
\c@lstlisting=\count146

ABD: EveryShipout initializing macros <ehu.pdf, id=4, 533.995pt x 230.8625pt>
File: ehu.pdf Graphic file (type pdf)

<use ehu.pdf>
Package pdftex.def Info: ehu.pdf used on input line 81.
(pdftex.def)             Requested size: 118.45703pt x 51.21262pt.
LaTeX Font Info:    Try loading font information for T1+phv on input line 81.
 (/usr/share/texlive/texmf-dist/tex/latex/psnfss/t1phv.fd
File: t1phv.fd 2001/06/04 scalable font definitions for T1/phv.
)
LaTeX Font Info:    Try loading font information for U+lasy on input line 81.

(/usr/share/texlive/texmf-dist/tex/latex/base/ulasy.fd
File: ulasy.fd 1998/08/17 v2.2e LaTeX symbol font definitions
)
LaTeX Font Info:    Try loading font information for U+msa on input line 81.

(/usr/share/texlive/texmf-dist/tex/latex/amsfonts/umsa.fd
File: umsa.fd 2013/01/14 v3.01 AMS symbols A
)
LaTeX Font Info:    Try loading font information for U+msb on input line 81.

(/usr/share/texlive/texmf-dist/tex/latex/amsfonts/umsb.fd
File: umsb.fd 2013/01/14 v3.01 AMS symbols B
)
<informatika.pdf, id=5, 205.19662pt x 81.50223pt>
File: informatika.pdf Graphic file (type pdf)
 <use informatika.pdf>
Package pdftex.def Info: informatika.pdf used on input line 81.
(pdftex.def)             Requested size: 128.04091pt x 50.85667pt.

Overfull \hbox (29.77249pt too wide) in paragraph at lines 81--81
[]  $[]$ 
 []

<./Irudiak/AEB.pdf, id=6, 1009.80504pt x 631.34625pt>
File: ./Irudiak/AEB.pdf Graphic file (type pdf)
 <use ./Irudiak/AEB.pdf>
Package pdftex.def Info: ./Irudiak/AEB.pdf used on input line 104.
(pdftex.def)             Requested size: 202.72784pt x 126.75508pt.

[1

{/var/lib/texmf/fonts/map/pdftex/updmap/pdftex.map} <./ehu.pdf> <./informatika.
pdf>]

Package xcolor Warning: Incompatible color definition on input line 131.

File: ehu.pdf Graphic file (type pdf)
<use ehu.pdf>
Package pdftex.def Info: ehu.pdf used on input line 131.
(pdftex.def)             Requested size: 128.0374pt x 55.35529pt.
 [2 <./Irudiak/AEB.pdf>]
LaTeX Font Info:    Try loading font information for T1+cmtt on input line 132.


(/usr/share/texlive/texmf-dist/tex/latex/base/t1cmtt.fd
File: t1cmtt.fd 1999/05/25 v2.5h Standard LaTeX font definitions
)
LaTeX Font Info:    Font shape `T1/cmtt/bx/n' in size <10> not available
(Font)              Font shape `T1/cmtt/m/n' tried instead on input line 133.


Package xcolor Warning: Incompatible color definition on input line 148.


Package xcolor Warning: Incompatible color definition on input line 174.


Package xcolor Warning: Incompatible color definition on input line 185.


Package xcolor Warning: Incompatible color definition on input line 197.


Overfull \hbox (19.53969pt too wide) in paragraph at lines 208--209
[]\T1/cmr/m/n/10 Hautagaien zer-ren-daren tamainari (\T1/cmtt/m/n/10 cl.size\T1
/cmr/m/n/10 ) prob-le-maren tamainaren balioa ezartzen ba-diogu, pausu bakoitze
an,
 []

File: ehu.pdf Graphic file (type pdf)
<use ehu.pdf>
Package pdftex.def Info: ehu.pdf used on input line 209.
(pdftex.def)             Requested size: 128.0374pt x 55.35529pt.
 [3]

Package xcolor Warning: Incompatible color definition on input line 211.


Package xcolor Warning: Incompatible color definition on input line 228.

<./Irudiak/plot_heur_vs_rnd-1.pdf, id=42, 578.16pt x 289.08pt>
File: ./Irudiak/plot_heur_vs_rnd-1.pdf Graphic file (type pdf)

<use ./Irudiak/plot_heur_vs_rnd-1.pdf>
Package pdftex.def Info: ./Irudiak/plot_heur_vs_rnd-1.pdf used on input line 23
9.
(pdftex.def)             Requested size: 418.29512pt x 209.15024pt.
File: ehu.pdf Graphic file (type pdf)
 <use ehu.pdf>
Package pdftex.def Info: ehu.pdf used on input line 251.
(pdftex.def)             Requested size: 128.0374pt x 55.35529pt.
 [4 <./Irudiak/plot_heur_vs_rnd-1.pdf>] <./Irudiak/roulette.pdf, id=51, 1606.0p
t x 803.0pt>
File: ./Irudiak/roulette.pdf Graphic file (type pdf)

<use ./Irudiak/roulette.pdf>
Package pdftex.def Info: ./Irudiak/roulette.pdf used on input line 258.
(pdftex.def)             Requested size: 338.78445pt x 169.39464pt.
File: ehu.pdf Graphic file (type pdf)
 <use ehu.pdf>
Package pdftex.def Info: ehu.pdf used on input line 272.
(pdftex.def)             Requested size: 128.0374pt x 55.35529pt.
 [5 <./Irudiak/roulette.pdf>]
<./Irudiak/point_crossover.pdf, id=63, 738.25856pt x 415.38054pt>
File: ./Irudiak/point_crossover.pdf Graphic file (type pdf)

<use ./Irudiak/point_crossover.pdf>
Package pdftex.def Info: ./Irudiak/point_crossover.pdf used on input line 288.
(pdftex.def)             Requested size: 338.78445pt x 190.61467pt.
File: ehu.pdf Graphic file (type pdf)
 <use ehu.pdf>
Package pdftex.def Info: ehu.pdf used on input line 298.
(pdftex.def)             Requested size: 128.0374pt x 55.35529pt.
 [6 <./Irudiak/point_crossover.pdf>]

Package xcolor Warning: Incompatible color definition on input line 302.


Package xcolor Warning: Incompatible color definition on input line 342.


Overfull \hbox (30.39449pt too wide) in paragraph at lines 342--342
[]\T1/cmtt/m/n/10 ## Warning in kPointCrossover(A.sol, B.sol, 20): The length o
f the vectors is 10 so at most there
 []


Package xcolor Warning: Incompatible color definition on input line 359.

File: ehu.pdf Graphic file (type pdf)
<use ehu.pdf>
Package pdftex.def Info: ehu.pdf used on input line 359.
(pdftex.def)             Requested size: 128.0374pt x 55.35529pt.
 [7]

Package xcolor Warning: Incompatible color definition on input line 397.

File: ehu.pdf Graphic file (type pdf)
<use ehu.pdf>
Package pdftex.def Info: ehu.pdf used on input line 425.
(pdftex.def)             Requested size: 128.0374pt x 55.35529pt.
 [8]
File: ehu.pdf Graphic file (type pdf)
 <use ehu.pdf>
Package pdftex.def Info: ehu.pdf used on input line 465.
(pdftex.def)             Requested size: 128.0374pt x 55.35529pt.
 [9]

Package xcolor Warning: Incompatible color definition on input line 467.


Package xcolor Warning: Incompatible color definition on input line 480.

<./Irudiak/ga_graph_col_3-1.pdf, id=95, 722.7pt x 361.35pt>
File: ./Irudiak/ga_graph_col_3-1.pdf Graphic file (type pdf)

<use ./Irudiak/ga_graph_col_3-1.pdf>
Package pdftex.def Info: ./Irudiak/ga_graph_col_3-1.pdf used on input line 508.

(pdftex.def)             Requested size: 314.58397pt x 157.29074pt.

<./Irudiak/ga_graph_col_4-1.pdf, id=96, 361.35pt x 361.35pt>
File: ./Irudiak/ga_graph_col_4-1.pdf Graphic file (type pdf)

<use ./Irudiak/ga_graph_col_4-1.pdf>
Package pdftex.def Info: ./Irudiak/ga_graph_col_4-1.pdf used on input line 511.

(pdftex.def)             Requested size: 145.19543pt x 145.19357pt.

Overfull \hbox (9.1247pt too wide) in paragraph at lines 508--512
[][] [] 
 []


Underfull \hbox (badness 10000) in paragraph at lines 508--512

 []


Package xcolor Warning: Incompatible color definition on input line 519.

File: ehu.pdf Graphic file (type pdf)
<use ehu.pdf>
Package pdftex.def Info: ehu.pdf used on input line 545.
(pdftex.def)             Requested size: 128.0374pt x 55.35529pt.
 [10] <./Irudiak/ga_mut_rate-1.pdf, id=100, 722.7pt x 361.35pt>
File: ./Irudiak/ga_mut_rate-1.pdf Graphic file (type pdf)

<use ./Irudiak/ga_mut_rate-1.pdf>
Package pdftex.def Info: ./Irudiak/ga_mut_rate-1.pdf used on input line 558.
(pdftex.def)             Requested size: 362.98492pt x 181.49059pt.


Package xcolor Warning: Incompatible color definition on input line 565.

File: ehu.pdf Graphic file (type pdf)
<use ehu.pdf>
Package pdftex.def Info: ehu.pdf used on input line 584.
(pdftex.def)             Requested size: 128.0374pt x 55.35529pt.
 [11 <./Irudiak/ga_graph_col_3-1.pdf> <./Irudiak/ga_graph_col_4-1.pdf>]
File: ehu.pdf Graphic file (type pdf)
 <use ehu.pdf>
Package pdftex.def Info: ehu.pdf used on input line 601.
(pdftex.def)             Requested size: 128.0374pt x 55.35529pt.
 [12 <./Irudiak/ga_mut_rate-1.pdf>]

Package xcolor Warning: Incompatible color definition on input line 605.


Package xcolor Warning: Incompatible color definition on input line 619.


Package xcolor Warning: Incompatible color definition on input line 649.


Package xcolor Warning: Incompatible color definition on input line 668.

File: ehu.pdf Graphic file (type pdf)
<use ehu.pdf>
Package pdftex.def Info: ehu.pdf used on input line 668.
(pdftex.def)             Requested size: 128.0374pt x 55.35529pt.
 [13] <./Irudiak/umda_gc-1.pdf, id=127, 722.7pt x 361.35pt>
File: ./Irudiak/umda_gc-1.pdf Graphic file (type pdf)

<use ./Irudiak/umda_gc-1.pdf>
Package pdftex.def Info: ./Irudiak/umda_gc-1.pdf used on input line 691.
(pdftex.def)             Requested size: 362.98492pt x 181.49059pt.

Overfull \hbox (10.76039pt too wide) in paragraph at lines 699--700
\T1/cmr/m/n/10 doren, ere-dua lag-intzen dugunean ez di-tugu ha-l-abehar-rez pe
r-mu-tazioak lor-tuko, balio er-repikat-uak ager baitaitezke.
 []


Package xcolor Warning: Incompatible color definition on input line 702.

File: ehu.pdf Graphic file (type pdf)
<use ehu.pdf>
Package pdftex.def Info: ehu.pdf used on input line 718.
(pdftex.def)             Requested size: 128.0374pt x 55.35529pt.
 [14 <./Irudiak/umda_gc-1.pdf>]

Package xcolor Warning: Incompatible color definition on input line 724.


Package xcolor Warning: Incompatible color definition on input line 738.


Package xcolor Warning: Incompatible color definition on input line 754.


Package xcolor Warning: Incompatible color definition on input line 778.

File: ehu.pdf Graphic file (type pdf)
<use ehu.pdf>
Package pdftex.def Info: ehu.pdf used on input line 788.
(pdftex.def)             Requested size: 128.0374pt x 55.35529pt.
 [15] <./Irudiak/ants.pdf, id=139, 1159.51015pt x 693.54065pt>
File: ./Irudiak/ants.pdf Graphic file (type pdf)

<use ./Irudiak/ants.pdf>
Package pdftex.def Info: ./Irudiak/ants.pdf used on input line 815.
(pdftex.def)             Requested size: 362.98492pt x 217.1119pt.
File: ehu.pdf Graphic file (type pdf)
 <use ehu.pdf>
Package pdftex.def Info: ehu.pdf used on input line 822.
(pdftex.def)             Requested size: 128.0374pt x 55.35529pt.
 [16]
Overfull \hbox (8.5146pt too wide) in paragraph at lines 825--826
[]\T1/cmr/m/n/10 Lorratzak fer-omona ere-duen bidez adier-azten dira eta, eredu
 hauek op-ti-mizazio al-go-rit-moaren pausu bakoitzean
 []

File: ehu.pdf Graphic file (type pdf)
<use ehu.pdf>
Package pdftex.def Info: ehu.pdf used on input line 832.
(pdftex.def)             Requested size: 128.0374pt x 55.35529pt.
 [17 <./Irudiak/ants.pdf>]
<./Irudiak/MDS_not.pdf, id=149, 209.54968pt x 239.72993pt>
File: ./Irudiak/MDS_not.pdf Graphic file (type pdf)

<use ./Irudiak/MDS_not.pdf>
Package pdftex.def Info: ./Irudiak/MDS_not.pdf used on input line 840.
(pdftex.def)             Requested size: 145.19543pt x 166.10884pt.

Underfull \hbox (badness 10000) in paragraph at lines 840--840
[]\T1/cmr/m/n/8 (a) Soluzio hau bider-aez-ina da,
 []

<./Irudiak/MDS_4.pdf, id=150, 209.54968pt x 239.72993pt>
File: ./Irudiak/MDS_4.pdf Graphic file (type pdf)

<use ./Irudiak/MDS_4.pdf>
Package pdftex.def Info: ./Irudiak/MDS_4.pdf used on input line 843.
(pdftex.def)             Requested size: 145.19543pt x 166.10884pt.

<./Irudiak/MDS_2.pdf, id=151, 209.54968pt x 239.72993pt>
File: ./Irudiak/MDS_2.pdf Graphic file (type pdf)

<use ./Irudiak/MDS_2.pdf>
Package pdftex.def Info: ./Irudiak/MDS_2.pdf used on input line 846.
(pdftex.def)             Requested size: 145.19543pt x 166.10884pt.

Overfull \hbox (11.59175pt too wide) in paragraph at lines 840--847
[][] [] [] 
 []


Underfull \hbox (badness 10000) in paragraph at lines 840--847

 []


Package xcolor Warning: Incompatible color definition on input line 852.


Package xcolor Warning: Incompatible color definition on input line 864.

File: ehu.pdf Graphic file (type pdf)
<use ehu.pdf>
Package pdftex.def Info: ehu.pdf used on input line 881.
(pdftex.def)             Requested size: 128.0374pt x 55.35529pt.
 [18 <./Irudiak/MDS_not.pdf> <./Irudiak/MDS_4.pdf

pdfTeX warning: /usr/bin/pdflatex (file ./Irudiak/MDS_4.pdf): PDF inclusion: mu
ltiple pdfs with page group included in a single page
> <./Irudiak/MDS_2.pdf

pdfTeX warning: /usr/bin/pdflatex (file ./Irudiak/MDS_2.pdf): PDF inclusion: mu
ltiple pdfs with page group included in a single page
>]

Package xcolor Warning: Incompatible color definition on input line 883.


Overfull \hbox (6.08928pt too wide) in paragraph at lines 905--906
[]\T1/cmr/m/n/10 Esan dugun bezala, in-ur-riek fer-omona ere-d-uak soluzioak er
aik-itzeko er-abiltzen dute. Soluzioak \T1/cmtt/m/n/10 buildSolution
 []


Package xcolor Warning: Incompatible color definition on input line 908.


Package xcolor Warning: Incompatible color definition on input line 922.


Package xcolor Warning: Incompatible color definition on input line 948.

File: ehu.pdf Graphic file (type pdf)
<use ehu.pdf>
Package pdftex.def Info: ehu.pdf used on input line 961.
(pdftex.def)             Requested size: 128.0374pt x 55.35529pt.
 [19]

Package xcolor Warning: Incompatible color definition on input line 963.

<./Irudiak/ACO_MDS_8-1.pdf, id=163, 1084.05pt x 361.35pt>
File: ./Irudiak/ACO_MDS_8-1.pdf Graphic file (type pdf)

<use ./Irudiak/ACO_MDS_8-1.pdf>
Package pdftex.def Info: ./Irudiak/ACO_MDS_8-1.pdf used on input line 979.
(pdftex.def)             Requested size: 483.9799pt x 161.3268pt.
File: ehu.pdf Graphic file (type pdf)
 <use ehu.pdf>
Package pdftex.def Info: ehu.pdf used on input line 1021.
(pdftex.def)             Requested size: 128.0374pt x 55.35529pt.
 [20 <./Irudiak/ACO_MDS_8-1.pdf>]
Overfull \hbox (6.50832pt too wide) in paragraph at lines 1022--1023
[]\T1/cmtt/m/n/10 update.sol \T1/cmr/m/n/10 - Nola eguner-atuko dugun fer-omona
 ere-dua. Hiru auk-era daude: \T1/cmtt/m/n/10 'best.it'\T1/cmr/m/n/10 , it-er-a
zio bakoitzean
 []


Package xcolor Warning: Incompatible color definition on input line 1027.

File: ehu.pdf Graphic file (type pdf)
<use ehu.pdf>
Package pdftex.def Info: ehu.pdf used on input line 1051.
(pdftex.def)             Requested size: 128.0374pt x 55.35529pt.
 [21] <./Irudiak/ACO_MDS_10-1.pdf, id=175, 1084.05pt x 361.35pt>
File: ./Irudiak/ACO_MDS_10-1.pdf Graphic file (type pdf)

<use ./Irudiak/ACO_MDS_10-1.pdf>
Package pdftex.def Info: ./Irudiak/ACO_MDS_10-1.pdf used on input line 1055.
(pdftex.def)             Requested size: 483.9799pt x 161.3268pt.


Package xcolor Warning: Incompatible color definition on input line 1072.

File: ehu.pdf Graphic file (type pdf)
<use ehu.pdf>
Package pdftex.def Info: ehu.pdf used on input line 1072.
(pdftex.def)             Requested size: 128.0374pt x 55.35529pt.
 [22 <./Irudiak/ACO_MDS_10-1.pdf>]
<./Irudiak/ACO_LOP-1.pdf, id=185, 1084.05pt x 361.35pt>
File: ./Irudiak/ACO_LOP-1.pdf Graphic file (type pdf)

<use ./Irudiak/ACO_LOP-1.pdf>
Package pdftex.def Info: ./Irudiak/ACO_LOP-1.pdf used on input line 1104.
(pdftex.def)             Requested size: 483.9799pt x 161.3268pt.

<./Irudiak/ACO_TSP-1.pdf, id=186, 1084.05pt x 361.35pt>
File: ./Irudiak/ACO_TSP-1.pdf Graphic file (type pdf)

<use ./Irudiak/ACO_TSP-1.pdf>
Package pdftex.def Info: ./Irudiak/ACO_TSP-1.pdf used on input line 1111.
(pdftex.def)             Requested size: 483.9799pt x 161.3268pt.


Package xcolor Warning: Incompatible color definition on input line 1119.

File: ehu.pdf Graphic file (type pdf)
<use ehu.pdf>
Package pdftex.def Info: ehu.pdf used on input line 1148.
(pdftex.def)             Requested size: 128.0374pt x 55.35529pt.
 [23 <./Irudiak/ACO_LOP-1.pdf>]
File: ehu.pdf Graphic file (type pdf)
 <use ehu.pdf>
Package pdftex.def Info: ehu.pdf used on input line 1159.
(pdftex.def)             Requested size: 128.0374pt x 55.35529pt.
 [24 <./Irudiak/ACO_TSP-1.pdf>] <./Irudiak/PSO_1.pdf, id=205, 845.04686pt x 597
.50786pt>
File: ./Irudiak/PSO_1.pdf Graphic file (type pdf)

<use ./Irudiak/PSO_1.pdf>
Package pdftex.def Info: ./Irudiak/PSO_1.pdf used on input line 1162.
(pdftex.def)             Requested size: 290.39088pt x 205.329pt.
File: ehu.pdf Graphic file (type pdf)
 <use ehu.pdf>
Package pdftex.def Info: ehu.pdf used on input line 1184.
(pdftex.def)             Requested size: 128.0374pt x 55.35529pt.
 [25 <./Irudiak/PSO_1.pdf>]
Overfull \hbox (7.64445pt too wide) in paragraph at lines 1188--1189
[]\T1/cmr/m/n/10 Ekuazioaren azken ter-mi-noak par-tikulen arteko elka-r-rek-in
tza sim-u-latzen du. Hor-re-tarako, par-tikulen ingurune-
 []


Underfull \hbox (badness 10000) in paragraph at lines 1203--1204
[]\T1/cmr/bx/n/10 input: \T1/cmtt/m/n/10 initialize_position\T1/cmr/m/n/10 , \T
1/cmtt/m/n/10 initialize_velocity\T1/cmr/m/n/10 , \T1/cmtt/m/n/10 update_veloci
ty\T1/cmr/m/n/10 , \T1/cmtt/m/n/10 evaluate \T1/cmr/m/n/10 eta
 []


Package xcolor Warning: Incompatible color definition on input line 1241.


Package xcolor Warning: Incompatible color definition on input line 1252.


Package xcolor Warning: Incompatible color definition on input line 1272.

File: ehu.pdf Graphic file (type pdf)
<use ehu.pdf>
Package pdftex.def Info: ehu.pdf used on input line 1282.
(pdftex.def)             Requested size: 128.0374pt x 55.35529pt.
 [26] <./Irudiak/PSO_3-2.pdf, id=229, 505.89pt x 289.08pt>
File: ./Irudiak/PSO_3-2.pdf Graphic file (type pdf)

<use ./Irudiak/PSO_3-2.pdf>
Package pdftex.def Info: ./Irudiak/PSO_3-2.pdf used on input line 1291.
(pdftex.def)             Requested size: 217.78947pt x 124.45193pt.

<./Irudiak/PSO_3-1.pdf, id=230, 505.89pt x 289.08pt>
File: ./Irudiak/PSO_3-1.pdf Graphic file (type pdf)

<use ./Irudiak/PSO_3-1.pdf>
Package pdftex.def Info: ./Irudiak/PSO_3-1.pdf used on input line 1294.
(pdftex.def)             Requested size: 217.78947pt x 124.45193pt.

Underfull \hbox (badness 10000) in paragraph at lines 1291--1295

 []

(./03_Populazio_algoritmoak.bbl
File: ehu.pdf Graphic file (type pdf)
 <use ehu.pdf>
Package pdftex.def Info: ehu.pdf used on input line 14.
(pdftex.def)             Requested size: 128.0374pt x 55.35529pt.
 [27])
File: ehu.pdf Graphic file (type pdf)
 <use ehu.pdf>
Package pdftex.def Info: ehu.pdf used on input line 1302.
(pdftex.def)             Requested size: 128.0374pt x 55.35529pt.
 [28 <./Irudiak/PSO_3-2.pdf> <./Irudiak/PSO_3-1.pdf>] (./03_Populazio_algoritmo
ak.aux) ) 
Here is how much of TeX's memory you used:
 14207 strings out of 493911
 256356 string characters out of 6155127
 302555 words of memory out of 5000000
 17248 multiletter control sequences out of 15000+600000
 35123 words of font info for 82 fonts, out of 8000000 for 9000
 648 hyphenation exceptions out of 8191
 54i,13n,73p,1448b,374s stack positions out of 5000i,500n,10000p,200000b,80000s
 </home/aitatxoborja/.texmf-var/fonts/pk/ljfour/jknappen/ec/ecbi1200.6
00pk> </home/aitatxoborja/.texmf-var/fonts/pk/ljfour/jknappen/ec/ecti0800.600pk
> </home/aitatxoborja/.texmf-var/fonts/pk/ljfour/jknappen/ec/ecrm0800.600pk> </
home/aitatxoborja/.texmf-var/fonts/pk/ljfour/jknappen/ec/ecrm0600.600pk> </home
/aitatxoborja/.texmf-var/fonts/pk/ljfour/jknappen/ec/ecrm0700.600pk> </home/ait
atxoborja/.texmf-var/fonts/pk/ljfour/jknappen/ec/tcrm1000.600pk> </home/aitatxo
borja/.texmf-var/fonts/pk/ljfour/jknappen/ec/ectt1000.600pk> </home/aitatxoborj
a/.texmf-var/fonts/pk/ljfour/jknappen/ec/ecbx1000.600pk> </home/aitatxoborja/.t
exmf-var/fonts/pk/ljfour/jknappen/ec/ecbx1200.600pk> </home/aitatxoborja/.texmf
-var/fonts/pk/ljfour/jknappen/ec/ecti1000.600pk> </home/aitatxoborja/.texmf-var
/fonts/pk/ljfour/jknappen/ec/ecrm1000.600pk> </home/aitatxoborja/.texmf-var/fon
ts/pk/ljfour/jknappen/ec/ecbx1440.600pk> </home/aitatxoborja/.texmf-var/fonts/p
k/ljfour/jknappen/ec/ecti0900.600pk> </home/aitatxoborja/.texmf-var/fonts/pk/lj
four/jknappen/ec/ecrm0900.600pk> </home/aitatxoborja/.texmf-var/fonts/pk/ljfour
/jknappen/ec/ecbx0900.600pk> </home/aitatxoborja/.texmf-var/fonts/pk/ljfour/jkn
appen/ec/ecrm1200.600pk> </home/aitatxoborja/.texmf-var/fonts/pk/ljfour/jknappe
n/ec/ecrm1728.600pk>{/usr/share/texlive/texmf-dist/fonts/enc/dvips/base/8r.enc}
</usr/share/texlive/texmf-dist/fonts/type1/public/amsfonts/cm/cmbx10.pfb></usr/
share/texlive/texmf-dist/fonts/type1/public/amsfonts/cm/cmmi10.pfb></usr/share/
texlive/texmf-dist/fonts/type1/public/amsfonts/cm/cmmi7.pfb></usr/share/texlive
/texmf-dist/fonts/type1/public/amsfonts/cm/cmr10.pfb></usr/share/texlive/texmf-
dist/fonts/type1/public/amsfonts/cm/cmr7.pfb></usr/share/texlive/texmf-dist/fon
ts/type1/public/amsfonts/cm/cmsy10.pfb></usr/share/texlive/texmf-dist/fonts/typ
e1/public/amsfonts/cm/cmsy7.pfb></usr/share/texlive/texmf-dist/fonts/type1/urw/
helvetic/uhvr8a.pfb>
Output written on 03_Populazio_algoritmoak.pdf (28 pages, 464963 bytes).
PDF statistics:
 802 PDF objects out of 1000 (max. 8388607)
 244 compressed objects within 3 object streams
 0 named destinations out of 1000 (max. 500000)
 118 words of extra memory for PDF output out of 10000 (max. 10000000)

